<?xml version="1.0" encoding="UTF-8"?><testsuite name="Firefox_270_Windows.Validator - Street number validation" errors="0" failures="0" tests="2" time="0.005">
<testcase classname="Firefox_270_Windows.Validator - Street number validation" name="test that it will make sure value could not be null" time="0.0"/>
<testcase classname="Firefox_270_Windows.Validator - Street number validation" name="test that it will make sure value has correct format" time="0.005"/>
</testsuite>
