<?xml version="1.0" encoding="UTF-8"?><testsuite name="Firefox_270_Windows.BaseModel Validator LoginScreen agentID" errors="0" failures="0" tests="10" time="0.010000001">
<testcase classname="Firefox_270_Windows.BaseModel Validator LoginScreen agentID" name="test that it will ensure agentID cannot be a special character" time="0.001"/>
<testcase classname="Firefox_270_Windows.BaseModel Validator LoginScreen agentID" name="test that it will ensure agentID cannot have a special character" time="0.001"/>
<testcase classname="Firefox_270_Windows.BaseModel Validator LoginScreen agentID" name="test that it will ensure agentID can have both alpha and numbers" time="0.001"/>
<testcase classname="Firefox_270_Windows.BaseModel Validator LoginScreen agentID" name="test that it will ensure agentID can have 20 characters" time="0.001"/>
<testcase classname="Firefox_270_Windows.BaseModel Validator LoginScreen agentID" name="test that it will ensure agentID cannot have more than 20 characters" time="0.001"/>
<testcase classname="Firefox_270_Windows.BaseModel Validator LoginScreen agentID" name="test that it will ensure agentID cannot have a space at the beginning of the value" time="0.001"/>
<testcase classname="Firefox_270_Windows.BaseModel Validator LoginScreen agentID" name="test that it will ensure agentID cannot have a space within the value" time="0.001"/>
<testcase classname="Firefox_270_Windows.BaseModel Validator LoginScreen agentID" name="test that it will ensure agentID cannot have spaces at the end of the value" time="0.001"/>
<testcase classname="Firefox_270_Windows.BaseModel Validator LoginScreen agentID" name="test that it will ensure if agentID has spaces at the end of the value, the validator returns an error" time="0.001"/>
<testcase classname="Firefox_270_Windows.BaseModel Validator LoginScreen agentID" name="test that it will ensure if agentID has spaces at the beginning of the value, the validator returns an error" time="0.001"/>
</testsuite>
