<?xml version="1.0" encoding="UTF-8"?><testsuite name="Firefox_270_Windows.Validator - Address line validation" errors="0" failures="0" tests="3" time="0.002">
<testcase classname="Firefox_270_Windows.Validator - Address line validation" name="test that it will make sure value could not be null" time="0.001"/>
<testcase classname="Firefox_270_Windows.Validator - Address line validation" name="test that it will make sure value has correct format" time="0.001"/>
<testcase classname="Firefox_270_Windows.Validator - Address line validation" name="test that it will make sure value can not contain more then 40 characters" time="0.0"/>
</testsuite>
