<?xml version="1.0" encoding="UTF-8"?><testsuite name="Firefox_270_Windows.PersonalDataScreenController Inner Model" errors="0" failures="0" tests="9" time="0.0150000015">
<testcase classname="Firefox_270_Windows.PersonalDataScreenController Inner Model" name="test that it will ensure 'placeofissue' cannot be empty" time="0.003"/>
<testcase classname="Firefox_270_Windows.PersonalDataScreenController Inner Model" name="test that it will ensure 'idtype' cannot be empty" time="0.001"/>
<testcase classname="Firefox_270_Windows.PersonalDataScreenController Inner Model" name="test that it will ensure 'idnumbers' cannot be empty" time="0.002"/>
<testcase classname="Firefox_270_Windows.PersonalDataScreenController Inner Model" name="test that it will ensure 'idnumbers' contain more then 20 characters" time="0.001"/>
<testcase classname="Firefox_270_Windows.PersonalDataScreenController Inner Model" name="test that it will ensure 'firstName' cannot be empty" time="0.001"/>
<testcase classname="Firefox_270_Windows.PersonalDataScreenController Inner Model" name="test that it will ensure 'lastName' cannot be empty" time="0.002"/>
<testcase classname="Firefox_270_Windows.PersonalDataScreenController Inner Model" name="test that it will ensure 'birthDate' cannot be empty" time="0.001"/>
<testcase classname="Firefox_270_Windows.PersonalDataScreenController Inner Model" name="test that it will ensure 'homePhone' cannot be empty" time="0.002"/>
<testcase classname="Firefox_270_Windows.PersonalDataScreenController Inner Model" name="test that it will ensure 'correspondence' cannot be empty" time="0.002"/>
</testsuite>
