<?xml version="1.0" encoding="UTF-8"?><testsuite name="Firefox_270_Windows.Validator - Phone number validation" errors="0" failures="0" tests="3" time="0.005">
<testcase classname="Firefox_270_Windows.Validator - Phone number validation" name="test that it will make sure value could not be null" time="0.001"/>
<testcase classname="Firefox_270_Windows.Validator - Phone number validation" name="test that it will make sure value could be only numerical" time="0.002"/>
<testcase classname="Firefox_270_Windows.Validator - Phone number validation" name="test that it will make sure value could has only required lengt of 10 digits" time="0.002"/>
</testsuite>
