<?xml version="1.0" encoding="UTF-8"?><testsuite name="Firefox_270_Windows.Validator - Postal code validation" errors="0" failures="0" tests="2" time="0.0050000004">
<testcase classname="Firefox_270_Windows.Validator - Postal code validation" name="test that it will make sure value could not be empty or null" time="0.001"/>
<testcase classname="Firefox_270_Windows.Validator - Postal code validation" name="test that it will make sure value has correct alphanumeric format and length" time="0.004"/>
</testsuite>
