<?xml version="1.0" encoding="UTF-8"?><testsuite name="Firefox_270_Windows.Validator - Sin validation" errors="0" failures="0" tests="4" time="0.0050000004">
<testcase classname="Firefox_270_Windows.Validator - Sin validation" name="test that it will make sure value could not be null" time="0.0"/>
<testcase classname="Firefox_270_Windows.Validator - Sin validation" name="test that it will make sure value could be only numerical" time="0.002"/>
<testcase classname="Firefox_270_Windows.Validator - Sin validation" name="test that it will make sure value could has only required length of 9 digits" time="0.002"/>
<testcase classname="Firefox_270_Windows.Validator - Sin validation" name="test that it will make sure value could not contain spaces" time="0.001"/>
</testsuite>
