<?xml version="1.0" encoding="UTF-8"?><testsuite name="Firefox_270_Windows.Validator - isOnlyNumeric &amp;&amp; isWholeNumber" errors="0" failures="0" tests="19" time="0.0150000015">
<testcase classname="Firefox_270_Windows.Validator - isOnlyNumeric &amp;&amp; isWholeNumber" name="test that it integer number is a number - " time="0.001"/>
<testcase classname="Firefox_270_Windows.Validator - isOnlyNumeric &amp;&amp; isWholeNumber" name="test that it integer number is a number .0 (10.0 == 10 == integerNumber)" time="0.0"/>
<testcase classname="Firefox_270_Windows.Validator - isOnlyNumeric &amp;&amp; isWholeNumber" name="test that it number is not a only numeric number .5" time="0.001"/>
<testcase classname="Firefox_270_Windows.Validator - isOnlyNumeric &amp;&amp; isWholeNumber" name="test that it string integer number is a integer number" time="0.001"/>
<testcase classname="Firefox_270_Windows.Validator - isOnlyNumeric &amp;&amp; isWholeNumber" name="test that it number has decimal is not an integer number .0" time="0.001"/>
<testcase classname="Firefox_270_Windows.Validator - isOnlyNumeric &amp;&amp; isWholeNumber" name="test that it number has decimal is not an integer number .5" time="0.0"/>
<testcase classname="Firefox_270_Windows.Validator - isOnlyNumeric &amp;&amp; isWholeNumber" name="test that it number is null is not an integer number" time="0.001"/>
<testcase classname="Firefox_270_Windows.Validator - isOnlyNumeric &amp;&amp; isWholeNumber" name="test that it number is undefined is not an integer number" time="0.001"/>
<testcase classname="Firefox_270_Windows.Validator - isOnlyNumeric &amp;&amp; isWholeNumber" name="test that it number is the empty string is not an integer number" time="0.001"/>
<testcase classname="Firefox_270_Windows.Validator - isOnlyNumeric &amp;&amp; isWholeNumber" name="test that it integer number is a whole number - " time="0.001"/>
<testcase classname="Firefox_270_Windows.Validator - isOnlyNumeric &amp;&amp; isWholeNumber" name="test that it integer number is a whole number .0 (10.0 == 10 == wholeNumber)" time="0.001"/>
<testcase classname="Firefox_270_Windows.Validator - isOnlyNumeric &amp;&amp; isWholeNumber" name="test that it number is not a whole number .5" time="0.0"/>
<testcase classname="Firefox_270_Windows.Validator - isOnlyNumeric &amp;&amp; isWholeNumber" name="test that it string integer is a whole number" time="0.001"/>
<testcase classname="Firefox_270_Windows.Validator - isOnlyNumeric &amp;&amp; isWholeNumber" name="test that it string number has decimal is a whole number .0" time="0.001"/>
<testcase classname="Firefox_270_Windows.Validator - isOnlyNumeric &amp;&amp; isWholeNumber" name="test that it string number has decimal is not a whole number .5" time="0.001"/>
<testcase classname="Firefox_270_Windows.Validator - isOnlyNumeric &amp;&amp; isWholeNumber" name="test that it null is not a whole number" time="0.0"/>
<testcase classname="Firefox_270_Windows.Validator - isOnlyNumeric &amp;&amp; isWholeNumber" name="test that it undefined is not a whole number" time="0.001"/>
<testcase classname="Firefox_270_Windows.Validator - isOnlyNumeric &amp;&amp; isWholeNumber" name="test that it empty string is not a whole number" time="0.001"/>
<testcase classname="Firefox_270_Windows.Validator - isOnlyNumeric &amp;&amp; isWholeNumber" name="test that it string that starts with a number ends with a number and has letters in the middle is not a whole number" time="0.001"/>
</testsuite>
