<?xml version="1.0" encoding="UTF-8"?><testsuite name="Firefox_270_Windows.Validator - Suite unit validation" errors="0" failures="0" tests="3" time="0.003">
<testcase classname="Firefox_270_Windows.Validator - Suite unit validation" name="test that it will make sure value could not be null" time="0.001"/>
<testcase classname="Firefox_270_Windows.Validator - Suite unit validation" name="test that it will make sure value has correct format" time="0.001"/>
<testcase classname="Firefox_270_Windows.Validator - Suite unit validation" name="test that it will make sure value can not contain more then 40 characters" time="0.001"/>
</testsuite>
