<?xml version="1.0" encoding="UTF-8"?><testsuite name="Firefox_270_Windows.AddressLookupResponseHelper Test" errors="0" failures="0" tests="9" time="0.010000001">
<testcase classname="Firefox_270_Windows.AddressLookupResponseHelper Test" name="test that it will confirm that address line 1 from response returns an array" time="0.004"/>
<testcase classname="Firefox_270_Windows.AddressLookupResponseHelper Test" name="test that it will confirm that address line 2 from response returns an array" time="0.001"/>
<testcase classname="Firefox_270_Windows.AddressLookupResponseHelper Test" name="test that it will confirm that province from response returns something" time="0.001"/>
<testcase classname="Firefox_270_Windows.AddressLookupResponseHelper Test" name="test that it will confirm that cityname returns something" time="0.001"/>
<testcase classname="Firefox_270_Windows.AddressLookupResponseHelper Test" name="test that it will confirm that postalcode returns something" time="0.0"/>
<testcase classname="Firefox_270_Windows.AddressLookupResponseHelper Test" name="test that it will confirm that addressStatus returns something" time="0.001"/>
<testcase classname="Firefox_270_Windows.AddressLookupResponseHelper Test" name="test that it will confirm that empty response objects will return empty values not null" time="0.0"/>
<testcase classname="Firefox_270_Windows.AddressLookupResponseHelper Test" name="test that it will confirm that responses with multiple streets return an array of street names" time="0.001"/>
<testcase classname="Firefox_270_Windows.AddressLookupResponseHelper Test" name="test that it will not choke if addressResponseObject is malformed" time="0.001"/>
</testsuite>
