<?xml version="1.0" encoding="UTF-8"?>
<!-- Generated by org.testng.reporters.JUnitReportReporter -->
<testsuite hostname="EPUAVINW0114" name="com.epam.brb.tests.PersInfo071" tests="1" failures="0" timestamp="11 Sep 2013 11:40:57 GMT" time="8.563" errors="0">
  <testcase name="persInfo064" time="8.563" classname="com.epam.brb.tests.PersInfo071"/>
</testsuite> <!-- com.epam.brb.tests.PersInfo071 -->
