<?xml version="1.0" encoding="UTF-8"?>
<!-- Generated by org.testng.reporters.JUnitReportReporter -->
<testsuite hostname="EPUAVINW0114" name="com.epam.brb.testsModified.PersInfoPageTellUsAboutYourselfPreferredLang" tests="2" failures="0" timestamp="27 Sep 2013 10:19:57 GMT" time="33.290" errors="0">
  <testcase name="persInfo046" time="15.774" classname="com.epam.brb.testsModified.PersInfoPageTellUsAboutYourselfPreferredLang"/>
  <testcase name="persInfo045" time="17.516" classname="com.epam.brb.testsModified.PersInfoPageTellUsAboutYourselfPreferredLang"/>
</testsuite> <!-- com.epam.brb.testsModified.PersInfoPageTellUsAboutYourselfPreferredLang -->
