<?xml version="1.0" encoding="UTF-8"?>
<!-- Generated by org.testng.reporters.JUnitReportReporter -->
<testsuite hostname="EPUAVINW0114" name="com.epam.brb.tests.PersInfo037" tests="1" failures="0" timestamp="9 Sep 2013 12:17:04 GMT" time="11.058" errors="0">
  <testcase name="persInfo034" time="11.058" classname="com.epam.brb.tests.PersInfo037"/>
</testsuite> <!-- com.epam.brb.tests.PersInfo037 -->
