<?xml version="1.0" encoding="UTF-8"?>
<!-- Generated by org.testng.reporters.JUnitReportReporter -->
<testsuite hostname="EPUAVINW0114" name="com.epam.brb.tests.PersInfo094" tests="4" failures="0" timestamp="16 Sep 2013 12:00:00 GMT" time="18.969" errors="0">
  <testcase name="persInfo094" time="5.077" classname="com.epam.brb.tests.PersInfo094"/>
  <testcase name="persInfo094" time="4.610" classname="com.epam.brb.tests.PersInfo094"/>
  <testcase name="persInfo094" time="4.646" classname="com.epam.brb.tests.PersInfo094"/>
  <testcase name="persInfo094" time="4.636" classname="com.epam.brb.tests.PersInfo094"/>
</testsuite> <!-- com.epam.brb.tests.PersInfo094 -->
