<?xml version="1.0" encoding="UTF-8"?>
<!-- Generated by org.testng.reporters.JUnitReportReporter -->
<testsuite hostname="EPUAVINW0114" name="com.epam.brb.tests.Overview008" tests="13" failures="0" timestamp="6 Sep 2013 16:02:26 GMT" time="63.251" errors="0">
  <testcase name="overview008" time="4.586" classname="com.epam.brb.tests.Overview008"/>
  <testcase name="overview008" time="8.879" classname="com.epam.brb.tests.Overview008"/>
  <testcase name="overview008" time="4.543" classname="com.epam.brb.tests.Overview008"/>
  <testcase name="overview008" time="4.514" classname="com.epam.brb.tests.Overview008"/>
  <testcase name="overview008" time="4.549" classname="com.epam.brb.tests.Overview008"/>
  <testcase name="overview008" time="4.029" classname="com.epam.brb.tests.Overview008"/>
  <testcase name="overview008" time="4.275" classname="com.epam.brb.tests.Overview008"/>
  <testcase name="overview008" time="4.010" classname="com.epam.brb.tests.Overview008"/>
  <testcase name="overview008" time="4.234" classname="com.epam.brb.tests.Overview008"/>
  <testcase name="overview008" time="5.083" classname="com.epam.brb.tests.Overview008"/>
  <testcase name="overview008" time="5.148" classname="com.epam.brb.tests.Overview008"/>
  <testcase name="overview008" time="4.944" classname="com.epam.brb.tests.Overview008"/>
  <testcase name="overview008" time="4.457" classname="com.epam.brb.tests.Overview008"/>
</testsuite> <!-- com.epam.brb.tests.Overview008 -->
