<?xml version="1.0" encoding="UTF-8"?>
<!-- Generated by org.testng.reporters.JUnitReportReporter -->
<testsuite hostname="EPUAVINW0114" name="com.epam.brb.tests.Overview006" tests="1" failures="0" timestamp="15 Aug 2013 13:03:59 GMT" time="1.054" errors="0">
  <testcase name="overview006" time="1.054" classname="com.epam.brb.tests.Overview006"/>
</testsuite> <!-- com.epam.brb.tests.Overview006 -->
