<?xml version="1.0" encoding="UTF-8"?>
<!-- Generated by org.testng.reporters.JUnitReportReporter -->
<testsuite hostname="EPUAVINW0114" name="com.epam.brb.testsModified.PersInfo072" tests="4" failures="0" timestamp="26 Sep 2013 11:35:39 GMT" time="56.996" errors="0">
  <testcase name="persInfo072" time="10.470" classname="com.epam.brb.testsModified.PersInfo072"/>
  <testcase name="persInfo072" time="15.896" classname="com.epam.brb.testsModified.PersInfo072"/>
  <testcase name="persInfo072" time="15.420" classname="com.epam.brb.testsModified.PersInfo072"/>
  <testcase name="persInfo072" time="15.210" classname="com.epam.brb.testsModified.PersInfo072"/>
</testsuite> <!-- com.epam.brb.testsModified.PersInfo072 -->
