<?xml version="1.0" encoding="UTF-8"?>
<!-- Generated by org.testng.reporters.JUnitReportReporter -->
<testsuite hostname="EPUAVINW0114" name="com.epam.brb.tests.PersInfo079" tests="1" failures="0" timestamp="12 Sep 2013 11:07:35 GMT" time="12.895" errors="0">
  <testcase name="persInfo079" time="12.895" classname="com.epam.brb.tests.PersInfo079"/>
</testsuite> <!-- com.epam.brb.tests.PersInfo079 -->
