<?xml version="1.0" encoding="UTF-8"?>
<!-- Generated by org.testng.reporters.JUnitReportReporter -->
<testsuite hostname="EPUAVINW0114" name="com.epam.brb.testsModified.PersInfoPageEmploymentInfoEmployer" tests="3" failures="0" timestamp="27 Sep 2013 10:19:57 GMT" time="46.495" errors="0">
  <testcase name="persInfo098" time="19.763" classname="com.epam.brb.testsModified.PersInfoPageEmploymentInfoEmployer"/>
  <testcase name="persInfo100" time="14.375" classname="com.epam.brb.testsModified.PersInfoPageEmploymentInfoEmployer"/>
  <testcase name="persInfo099" time="12.357" classname="com.epam.brb.testsModified.PersInfoPageEmploymentInfoEmployer"/>
</testsuite> <!-- com.epam.brb.testsModified.PersInfoPageEmploymentInfoEmployer -->
