<?xml version="1.0" encoding="UTF-8"?>
<!-- Generated by org.testng.reporters.JUnitReportReporter -->
<testsuite hostname="EPUAVINW0114" name="com.epam.brb.tests.PersInfo099" tests="1" failures="0" timestamp="17 Sep 2013 08:51:30 GMT" time="13.899" errors="0">
  <testcase name="persInfo098" time="13.899" classname="com.epam.brb.tests.PersInfo099"/>
</testsuite> <!-- com.epam.brb.tests.PersInfo099 -->
