<?xml version="1.0" encoding="UTF-8"?>
<!-- Generated by org.testng.reporters.JUnitReportReporter -->
<testsuite hostname="EPUAVINW0114" name="com.epam.brb.tests.TestTest" tests="1" failures="0" timestamp="11 Sep 2013 12:37:19 GMT" time="10.037" errors="0">
  <testcase name="testTest" time="10.037" classname="com.epam.brb.tests.TestTest"/>
</testsuite> <!-- com.epam.brb.tests.TestTest -->
