<?xml version="1.0" encoding="UTF-8"?>
<!-- Generated by org.testng.reporters.JUnitReportReporter -->
<testsuite hostname="EPUAVINW0114" name="com.epam.brb.tests.Overview0003" tests="1" failures="0" timestamp="23 Aug 2013 19:08:56 GMT" time="0.180" errors="0">
  <testcase name="overview001" time="0.180" classname="com.epam.brb.tests.Overview0003"/>
</testsuite> <!-- com.epam.brb.tests.Overview0003 -->
