<?xml version="1.0" encoding="UTF-8"?>
<!-- Generated by org.testng.reporters.JUnitReportReporter -->
<testsuite hostname="EPUAVINW0114" name="com.epam.brb.testsModified.Overview021" tests="1" failures="0" timestamp="25 Sep 2013 12:36:35 GMT" time="5.829" errors="0">
  <testcase name="overview021" time="5.829" classname="com.epam.brb.testsModified.Overview021"/>
</testsuite> <!-- com.epam.brb.testsModified.Overview021 -->
