<?xml version="1.0" encoding="UTF-8"?>
<!-- Generated by org.testng.reporters.JUnitReportReporter -->
<testsuite hostname="EPUAVINW0114" name="com.epam.brb.tests.PersInfo091" tests="1" failures="0" timestamp="25 Sep 2013 11:01:01 GMT" time="16.466" errors="0">
  <testcase name="persInfo091" time="16.466" classname="com.epam.brb.tests.PersInfo091"/>
</testsuite> <!-- com.epam.brb.tests.PersInfo091 -->
