<?xml version="1.0" encoding="UTF-8"?>
<!-- Generated by org.testng.reporters.JUnitReportReporter -->
<testsuite hostname="EPUAVINW0114" name="com.epam.brb.tests.PersInfo033" tests="1" failures="0" timestamp="6 Sep 2013 16:47:45 GMT" time="6.345" errors="0">
  <testcase name="persInfo033" time="6.345" classname="com.epam.brb.tests.PersInfo033"/>
</testsuite> <!-- com.epam.brb.tests.PersInfo033 -->
