<?xml version="1.0" encoding="UTF-8"?>
<!-- Generated by org.testng.reporters.JUnitReportReporter -->
<testsuite hostname="EPUAVINW0114" name="com.epam.brb.tests.PersInfo101" tests="1" failures="0" timestamp="17 Sep 2013 09:25:06 GMT" time="21.071" errors="0">
  <testcase name="persInfo0100" time="21.071" classname="com.epam.brb.tests.PersInfo101"/>
</testsuite> <!-- com.epam.brb.tests.PersInfo101 -->
