<?xml version="1.0" encoding="UTF-8"?>
<!-- Generated by org.testng.reporters.JUnitReportReporter -->
<testsuite hostname="EPUAVINW0114" name="com.epam.brb.testsModified.PersInfoPageTellUsAboutYourselfResidentalStatus" tests="4" failures="0" timestamp="27 Sep 2013 10:19:57 GMT" time="44.958" errors="0">
  <testcase name="persInfo072" time="14.706" classname="com.epam.brb.testsModified.PersInfoPageTellUsAboutYourselfResidentalStatus"/>
  <testcase name="persInfo072" time="10.208" classname="com.epam.brb.testsModified.PersInfoPageTellUsAboutYourselfResidentalStatus"/>
  <testcase name="persInfo072" time="9.875" classname="com.epam.brb.testsModified.PersInfoPageTellUsAboutYourselfResidentalStatus"/>
  <testcase name="persInfo072" time="10.169" classname="com.epam.brb.testsModified.PersInfoPageTellUsAboutYourselfResidentalStatus"/>
</testsuite> <!-- com.epam.brb.testsModified.PersInfoPageTellUsAboutYourselfResidentalStatus -->
