<?xml version="1.0" encoding="UTF-8"?>
<!-- Generated by org.testng.reporters.JUnitReportReporter -->
<testsuite hostname="EPUAVINW0114" name="com.epam.brb.tests.PersInfo029" tests="1" failures="0" timestamp="9 Sep 2013 11:00:41 GMT" time="8.224" errors="0">
  <testcase name="persInfo029" time="8.224" classname="com.epam.brb.tests.PersInfo029"/>
</testsuite> <!-- com.epam.brb.tests.PersInfo029 -->
