<?xml version="1.0" encoding="UTF-8"?>
<!-- Generated by org.testng.reporters.JUnitReportReporter -->
<testsuite hostname="EPUAVINW0114" name="com.epam.brb.tests.PersInfo045" tests="1" failures="0" timestamp="11 Sep 2013 10:56:49 GMT" time="12.855" errors="0">
  <testcase name="persInfo034" time="12.855" classname="com.epam.brb.tests.PersInfo045"/>
</testsuite> <!-- com.epam.brb.tests.PersInfo045 -->
