<?xml version="1.0" encoding="UTF-8"?>
<!-- Generated by org.testng.reporters.JUnitReportReporter -->
<testsuite hostname="EPUAVINW0114" name="com.epam.brb.testsModified.PersInfoPageTellUsAboutYourselfAtThisAddrSince" tests="3" failures="0" timestamp="27 Sep 2013 10:19:57 GMT" time="37.818" errors="0">
  <testcase name="persInfo076" time="11.950" classname="com.epam.brb.testsModified.PersInfoPageTellUsAboutYourselfAtThisAddrSince"/>
  <testcase name="persInfo075" time="13.713" classname="com.epam.brb.testsModified.PersInfoPageTellUsAboutYourselfAtThisAddrSince"/>
  <testcase name="persInfo074" time="12.155" classname="com.epam.brb.testsModified.PersInfoPageTellUsAboutYourselfAtThisAddrSince"/>
</testsuite> <!-- com.epam.brb.testsModified.PersInfoPageTellUsAboutYourselfAtThisAddrSince -->
