<?xml version="1.0" encoding="UTF-8"?>
<!-- Generated by org.testng.reporters.JUnitReportReporter -->
<testsuite hostname="EPUAVINW0114" name="com.epam.brb.tests.PersInfo068" tests="1" failures="0" timestamp="11 Sep 2013 11:17:38 GMT" time="7.191" errors="0">
  <testcase name="persInfo064" time="7.191" classname="com.epam.brb.tests.PersInfo068"/>
</testsuite> <!-- com.epam.brb.tests.PersInfo068 -->
