<?xml version="1.0" encoding="UTF-8"?>
<!-- Generated by org.testng.reporters.JUnitReportReporter -->
<testsuite hostname="EPUAVINW0114" name="com.epam.brb.tests.PersInfo041" tests="1" failures="0" timestamp="9 Sep 2013 12:57:05 GMT" time="9.697" errors="0">
  <testcase name="persInfo034" time="9.697" classname="com.epam.brb.tests.PersInfo041"/>
</testsuite> <!-- com.epam.brb.tests.PersInfo041 -->
