<?xml version="1.0" encoding="UTF-8"?>
<!-- Generated by org.testng.reporters.JUnitReportReporter -->
<testsuite hostname="EPUAVINW0114" name="com.epam.brb.testsModified.PersInfoPageTellUsAboutYourselfProvince" tests="3" failures="0" timestamp="27 Sep 2013 10:19:57 GMT" time="30.390" errors="0">
  <testcase name="persInfo064" time="10.233" classname="com.epam.brb.testsModified.PersInfoPageTellUsAboutYourselfProvince"/>
  <testcase name="persInfo064" time="10.281" classname="com.epam.brb.testsModified.PersInfoPageTellUsAboutYourselfProvince"/>
  <testcase name="persInfo064" time="9.876" classname="com.epam.brb.testsModified.PersInfoPageTellUsAboutYourselfProvince"/>
</testsuite> <!-- com.epam.brb.testsModified.PersInfoPageTellUsAboutYourselfProvince -->
