<?xml version="1.0" encoding="UTF-8"?>
<!-- Generated by org.testng.reporters.JUnitReportReporter -->
<testsuite hostname="EPUAVINW0114" name="com.epam.brb.tests.Overview004" tests="1" failures="0" timestamp="15 Aug 2013 10:33:19 GMT" time="1.075" errors="0">
  <testcase name="overview004" time="1.075" classname="com.epam.brb.tests.Overview004"/>
</testsuite> <!-- com.epam.brb.tests.Overview004 -->
