<?xml version="1.0" encoding="UTF-8"?>
<!-- Generated by org.testng.reporters.JUnitReportReporter -->
<testsuite hostname="EPUAVINW0114" name="com.epam.brb.testsModified.PersInfoPageTellUsAboutYourselfSocialInsurance" tests="4" failures="0" timestamp="27 Sep 2013 10:19:57 GMT" time="43.896" errors="0">
  <testcase name="persInfo053" time="8.373" classname="com.epam.brb.testsModified.PersInfoPageTellUsAboutYourselfSocialInsurance"/>
  <testcase name="persInfo051" time="10.854" classname="com.epam.brb.testsModified.PersInfoPageTellUsAboutYourselfSocialInsurance"/>
  <testcase name="persInfo054" time="9.147" classname="com.epam.brb.testsModified.PersInfoPageTellUsAboutYourselfSocialInsurance"/>
  <testcase name="persInfo052" time="15.522" classname="com.epam.brb.testsModified.PersInfoPageTellUsAboutYourselfSocialInsurance"/>
</testsuite> <!-- com.epam.brb.testsModified.PersInfoPageTellUsAboutYourselfSocialInsurance -->
