<?xml version="1.0" encoding="UTF-8"?>
<!-- Generated by org.testng.reporters.JUnitReportReporter -->
<testsuite hostname="EPUAVINW0114" name="com.epam.brb.testsModified.PersInfoPagePrevAddrCity" tests="3" failures="0" timestamp="27 Sep 2013 10:19:57 GMT" time="62.634" errors="0">
  <testcase name="persInfo086" time="26.042" classname="com.epam.brb.testsModified.PersInfoPagePrevAddrCity"/>
  <testcase name="persInfo087" time="19.923" classname="com.epam.brb.testsModified.PersInfoPagePrevAddrCity"/>
  <testcase name="persInfo088" time="16.669" classname="com.epam.brb.testsModified.PersInfoPagePrevAddrCity"/>
</testsuite> <!-- com.epam.brb.testsModified.PersInfoPagePrevAddrCity -->
