<?xml version="1.0" encoding="UTF-8"?>
<!-- Generated by org.testng.reporters.JUnitReportReporter -->
<testsuite hostname="EPUAVINW0114" name="com.epam.brb.testsModified.PersInfoPagePrevAddrPostalCode" tests="4" failures="0" timestamp="27 Sep 2013 10:19:57 GMT" time="63.986" errors="0">
  <testcase name="persInfo092" time="16.770" classname="com.epam.brb.testsModified.PersInfoPagePrevAddrPostalCode"/>
  <testcase name="persInfo090" time="13.682" classname="com.epam.brb.testsModified.PersInfoPagePrevAddrPostalCode"/>
  <testcase name="persInfo093" time="14.435" classname="com.epam.brb.testsModified.PersInfoPagePrevAddrPostalCode"/>
  <testcase name="persInfo091" time="19.099" classname="com.epam.brb.testsModified.PersInfoPagePrevAddrPostalCode"/>
</testsuite> <!-- com.epam.brb.testsModified.PersInfoPagePrevAddrPostalCode -->
