<?xml version="1.0" encoding="UTF-8"?>
<!-- Generated by org.testng.reporters.JUnitReportReporter -->
<testsuite hostname="EPUAVINW0114" name="com.epam.brb.tests.ToOptionalProducts" tests="1" failures="0" timestamp="8 Aug 2013 09:00:14 GMT" time="8.645" errors="0">
  <testcase name="toOptionalProducts" time="8.645" classname="com.epam.brb.tests.ToOptionalProducts"/>
</testsuite> <!-- com.epam.brb.tests.ToOptionalProducts -->
