<?xml version="1.0" encoding="UTF-8"?>
<!-- Generated by org.testng.reporters.JUnitReportReporter -->
<testsuite hostname="EPUAVINW0114" name="com.epam.brb.testsModified.Overview001" tests="1" failures="0" timestamp="25 Sep 2013 12:12:07 GMT" time="4.750" errors="0">
  <testcase name="overview001" time="4.750" classname="com.epam.brb.testsModified.Overview001"/>
</testsuite> <!-- com.epam.brb.testsModified.Overview001 -->
