<?xml version="1.0" encoding="UTF-8"?>
<!-- Generated by org.testng.reporters.JUnitReportReporter -->
<testsuite hostname="EPUAVINW0114" name="com.epam.brb.tests.PersInfo062" tests="1" failures="0" timestamp="11 Sep 2013 10:56:49 GMT" time="7.173" errors="0">
  <testcase name="persInfo058" time="7.173" classname="com.epam.brb.tests.PersInfo062"/>
</testsuite> <!-- com.epam.brb.tests.PersInfo062 -->
