<?xml version="1.0" encoding="UTF-8"?>
<!-- Generated by org.testng.reporters.JUnitReportReporter -->
<testsuite hostname="EPUAVINW0114" name="com.epam.brb.tests.PersInfo109" tests="1" failures="0" timestamp="18 Sep 2013 11:57:33 GMT" time="17.098" errors="0">
  <testcase name="persInfo105" time="17.098" classname="com.epam.brb.tests.PersInfo109"/>
</testsuite> <!-- com.epam.brb.tests.PersInfo109 -->
