<?xml version="1.0" encoding="UTF-8"?>
<!-- Generated by org.testng.reporters.JUnitReportReporter -->
<testsuite hostname="EPUAVINW0114" name="com.epam.brb.tests.PersInfo086" tests="1" failures="0" timestamp="13 Sep 2013 09:30:08 GMT" time="18.102" errors="0">
  <testcase name="persInfo079" time="18.102" classname="com.epam.brb.tests.PersInfo086"/>
</testsuite> <!-- com.epam.brb.tests.PersInfo086 -->
