<?xml version="1.0" encoding="UTF-8"?>
<!-- Generated by org.testng.reporters.JUnitReportReporter -->
<testsuite hostname="EPUAVINW0114" name="com.epam.brb.testsModified.PersInfoPageEmploymentInfoWithThisEmployerSince" tests="3" failures="0" timestamp="27 Sep 2013 11:30:07 GMT" time="53.232" errors="0">
  <testcase name="persInfo109" time="17.419" classname="com.epam.brb.testsModified.PersInfoPageEmploymentInfoWithThisEmployerSince"/>
  <testcase name="persInfo108" time="18.024" classname="com.epam.brb.testsModified.PersInfoPageEmploymentInfoWithThisEmployerSince"/>
  <testcase name="persInfo110" time="17.789" classname="com.epam.brb.testsModified.PersInfoPageEmploymentInfoWithThisEmployerSince"/>
</testsuite> <!-- com.epam.brb.testsModified.PersInfoPageEmploymentInfoWithThisEmployerSince -->
