<?xml version="1.0" encoding="UTF-8"?>
<!-- Generated by org.testng.reporters.JUnitReportReporter -->
<testsuite hostname="EPUAVINW0114" name="com.epam.brb.tests.Overview016" tests="1" failures="0" timestamp="24 Sep 2013 11:16:00 GMT" time="10.440" errors="0">
  <testcase name="overview009" time="10.440" classname="com.epam.brb.tests.Overview016"/>
</testsuite> <!-- com.epam.brb.tests.Overview016 -->
