<?xml version="1.0" encoding="UTF-8"?>
<!-- Generated by org.testng.reporters.JUnitReportReporter -->
<testsuite hostname="EPUAVINW0114" name="com.epam.brb.testsModified.PersInfoPageTellUsAboutYourselfPostalCode" tests="4" failures="0" timestamp="27 Sep 2013 10:19:57 GMT" time="40.760" errors="0">
  <testcase name="persInfo070" time="10.068" classname="com.epam.brb.testsModified.PersInfoPageTellUsAboutYourselfPostalCode"/>
  <testcase name="persInfo068" time="12.898" classname="com.epam.brb.testsModified.PersInfoPageTellUsAboutYourselfPostalCode"/>
  <testcase name="persInfo071" time="9.486" classname="com.epam.brb.testsModified.PersInfoPageTellUsAboutYourselfPostalCode"/>
  <testcase name="persInfo069" time="8.308" classname="com.epam.brb.testsModified.PersInfoPageTellUsAboutYourselfPostalCode"/>
</testsuite> <!-- com.epam.brb.testsModified.PersInfoPageTellUsAboutYourselfPostalCode -->
