<?xml version="1.0" encoding="UTF-8"?>
<!-- Generated by org.testng.reporters.JUnitReportReporter -->
<testsuite hostname="EPUAVINW0114" name="com.epam.brb.testsModified.PersInfoPageTellUsAboutYourselfEmailAddr" tests="4" failures="0" timestamp="27 Sep 2013 10:19:57 GMT" time="43.195" errors="0">
  <testcase name="persInfo041" time="9.087" classname="com.epam.brb.testsModified.PersInfoPageTellUsAboutYourselfEmailAddr"/>
  <testcase name="persInfo040" time="9.331" classname="com.epam.brb.testsModified.PersInfoPageTellUsAboutYourselfEmailAddr"/>
  <testcase name="persInfo034" time="12.094" classname="com.epam.brb.testsModified.PersInfoPageTellUsAboutYourselfEmailAddr"/>
  <testcase name="persInfo039" time="12.683" classname="com.epam.brb.testsModified.PersInfoPageTellUsAboutYourselfEmailAddr"/>
</testsuite> <!-- com.epam.brb.testsModified.PersInfoPageTellUsAboutYourselfEmailAddr -->
