<?xml version="1.0" encoding="UTF-8"?>
<!-- Generated by org.testng.reporters.JUnitReportReporter -->
<testsuite hostname="EPUAVINW0114" name="com.epam.brb.testsModified.PersInfoPageTellUsAboutYourselfPrimaryPhone" tests="4" failures="0" timestamp="27 Sep 2013 10:19:57 GMT" time="50.016" errors="0">
  <testcase name="persInfo047" time="10.959" classname="com.epam.brb.testsModified.PersInfoPageTellUsAboutYourselfPrimaryPhone"/>
  <testcase name="persInfo049" time="8.424" classname="com.epam.brb.testsModified.PersInfoPageTellUsAboutYourselfPrimaryPhone"/>
  <testcase name="persInfo048" time="15.959" classname="com.epam.brb.testsModified.PersInfoPageTellUsAboutYourselfPrimaryPhone"/>
  <testcase name="persInfo050" time="14.674" classname="com.epam.brb.testsModified.PersInfoPageTellUsAboutYourselfPrimaryPhone"/>
</testsuite> <!-- com.epam.brb.testsModified.PersInfoPageTellUsAboutYourselfPrimaryPhone -->
