<?xml version="1.0" encoding="UTF-8"?>
<!-- Generated by org.testng.reporters.JUnitReportReporter -->
<testsuite hostname="EPUAVINW0114" name="com.epam.brb.testsModified.PersInfoPageFinancialInfoMyBankingProducts" tests="1" failures="0" timestamp="27 Sep 2013 11:46:33 GMT" time="7.348" errors="0">
  <testcase name="persInfo111" time="7.348" classname="com.epam.brb.testsModified.PersInfoPageFinancialInfoMyBankingProducts"/>
</testsuite> <!-- com.epam.brb.testsModified.PersInfoPageFinancialInfoMyBankingProducts -->
