<?xml version="1.0" encoding="UTF-8"?>
<!-- Generated by org.testng.reporters.JUnitReportReporter -->
<testsuite hostname="EPUAVINW0114" name="com.epam.brb.tests.Overview0001" tests="1" failures="0" timestamp="28 Aug 2013 15:59:56 GMT" time="0.275" errors="0">
  <testcase name="overview001" time="0.275" classname="com.epam.brb.tests.Overview0001"/>
</testsuite> <!-- com.epam.brb.tests.Overview0001 -->
