<?xml version="1.0" encoding="UTF-8"?>
<!-- Generated by org.testng.reporters.JUnitReportReporter -->
<testsuite hostname="EPUAVINW0114" name="com.epam.brb.tests.Overview021" tests="1" failures="0" timestamp="6 Sep 2013 16:30:33 GMT" time="4.962" errors="0">
  <testcase name="overview021" time="4.962" classname="com.epam.brb.tests.Overview021"/>
</testsuite> <!-- com.epam.brb.tests.Overview021 -->
