<?xml version="1.0" encoding="UTF-8"?>
<!-- Generated by org.testng.reporters.JUnitReportReporter -->
<testsuite hostname="EPUAVINW0114" name="com.epam.brb.tests.PersInfo076" tests="1" failures="0" timestamp="12 Sep 2013 10:33:06 GMT" time="11.752" errors="0">
  <testcase name="persInfo073" time="11.752" classname="com.epam.brb.tests.PersInfo076"/>
</testsuite> <!-- com.epam.brb.tests.PersInfo076 -->
