<?xml version="1.0" encoding="UTF-8"?>
<!-- Generated by org.testng.reporters.JUnitReportReporter -->
<testsuite hostname="EPUAVINW0114" name="com.epam.brb.tests.PersInfo111" tests="1" failures="0" timestamp="18 Sep 2013 12:09:22 GMT" time="16.095" errors="0">
  <testcase name="persInfo111" time="16.095" classname="com.epam.brb.tests.PersInfo111"/>
</testsuite> <!-- com.epam.brb.tests.PersInfo111 -->
