<?xml version="1.0" encoding="UTF-8"?>
<!-- Generated by org.testng.reporters.JUnitReportReporter -->
<testsuite hostname="EPUAVINW0114" name="com.epam.brb.tests.PersInfo092" tests="1" failures="0" timestamp="16 Sep 2013 09:38:46 GMT" time="17.539" errors="0">
  <testcase name="persInfo092" time="17.539" classname="com.epam.brb.tests.PersInfo092"/>
</testsuite> <!-- com.epam.brb.tests.PersInfo092 -->
