<?xml version="1.0" encoding="UTF-8"?>
<!-- Generated by org.testng.reporters.JUnitReportReporter -->
<testsuite hostname="EPUAVINW0114" name="com.epam.brb.tests.PersInfo085" tests="1" failures="0" timestamp="13 Sep 2013 09:25:20 GMT" time="28.024" errors="0">
  <testcase name="persInfo079" time="28.024" classname="com.epam.brb.tests.PersInfo085"/>
</testsuite> <!-- com.epam.brb.tests.PersInfo085 -->
