<?xml version="1.0" encoding="UTF-8"?>
<!-- Generated by org.testng.reporters.JUnitReportReporter -->
<testsuite hostname="EPUAVINW0114" name="com.epam.brb.tests.Overview003" tests="1" failures="0" timestamp="6 Sep 2013 16:12:37 GMT" time="4.644" errors="0">
  <testcase name="overview003" time="4.644" classname="com.epam.brb.tests.Overview003"/>
</testsuite> <!-- com.epam.brb.tests.Overview003 -->
