<?xml version="1.0" encoding="UTF-8"?>
<!-- Generated by org.testng.reporters.JUnitReportReporter -->
<testsuite hostname="EPUAVINW0114" name="com.epam.brb.tests.PersInfo098" tests="1" failures="0" timestamp="17 Sep 2013 08:24:00 GMT" time="21.729" errors="0">
  <testcase name="persInfo098" time="21.729" classname="com.epam.brb.tests.PersInfo098"/>
</testsuite> <!-- com.epam.brb.tests.PersInfo098 -->
