<?xml version="1.0" encoding="UTF-8"?>
<!-- Generated by org.testng.reporters.JUnitReportReporter -->
<testsuite hostname="EPUAVINW0114" name="com.epam.brb.tests.PersInfo038" tests="1" failures="0" timestamp="9 Sep 2013 12:33:41 GMT" time="13.050" errors="0">
  <testcase name="persInfo034" time="13.050" classname="com.epam.brb.tests.PersInfo038"/>
</testsuite> <!-- com.epam.brb.tests.PersInfo038 -->
