<?xml version="1.0" encoding="UTF-8"?>
<!-- Generated by org.testng.reporters.JUnitReportReporter -->
<testsuite hostname="EPUAVINW0114" name="com.epam.brb.testsModified.PersInfoPageEmploymentInfoEmploymentType" tests="4" failures="0" timestamp="27 Sep 2013 10:19:57 GMT" time="18.786" errors="0">
  <testcase name="persInfo094" time="4.630" classname="com.epam.brb.testsModified.PersInfoPageEmploymentInfoEmploymentType"/>
  <testcase name="persInfo094" time="5.080" classname="com.epam.brb.testsModified.PersInfoPageEmploymentInfoEmploymentType"/>
  <testcase name="persInfo094" time="4.504" classname="com.epam.brb.testsModified.PersInfoPageEmploymentInfoEmploymentType"/>
  <testcase name="persInfo094" time="4.572" classname="com.epam.brb.testsModified.PersInfoPageEmploymentInfoEmploymentType"/>
</testsuite> <!-- com.epam.brb.testsModified.PersInfoPageEmploymentInfoEmploymentType -->
