<?xml version="1.0" encoding="UTF-8"?>
<!-- Generated by org.testng.reporters.JUnitReportReporter -->
<testsuite hostname="EPUAVINW0114" name="com.epam.brb.testsModified.PersInfo043" tests="1" failures="0" timestamp="26 Sep 2013 09:18:37 GMT" time="8.616" errors="0">
  <testcase name="persInfo034" time="8.616" classname="com.epam.brb.testsModified.PersInfo043"/>
</testsuite> <!-- com.epam.brb.testsModified.PersInfo043 -->
