<?xml version="1.0" encoding="UTF-8"?>
<!-- Generated by org.testng.reporters.JUnitReportReporter -->
<testsuite hostname="EPUAVINW0114" name="com.epam.brb.tests.PersInfo056" tests="1" failures="0" timestamp="11 Sep 2013 15:32:01 GMT" time="10.181" errors="0">
  <testcase name="persInfo05" time="10.181" classname="com.epam.brb.tests.PersInfo056"/>
</testsuite> <!-- com.epam.brb.tests.PersInfo056 -->
