<?xml version="1.0" encoding="UTF-8"?>
<!-- Generated by org.testng.reporters.JUnitReportReporter -->
<testsuite hostname="EPUAVINW0114" name="com.epam.brb.tests.PersInfo030" tests="1" failures="0" timestamp="6 Sep 2013 13:11:00 GMT" time="5.864" errors="0">
  <testcase name="persInfo026" time="5.864" classname="com.epam.brb.tests.PersInfo030"/>
</testsuite> <!-- com.epam.brb.tests.PersInfo030 -->
