<?xml version="1.0" encoding="UTF-8"?>
<!-- Generated by org.testng.reporters.JUnitReportReporter -->
<testsuite hostname="EPUAVINW0114" name="com.epam.brb.testsModified.PersInfoPageTellUsAboutYourselfCity" tests="3" failures="0" timestamp="27 Sep 2013 10:19:57 GMT" time="28.121" errors="0">
  <testcase name="persInfo064" time="9.477" classname="com.epam.brb.testsModified.PersInfoPageTellUsAboutYourselfCity"/>
  <testcase name="persInfo066" time="10.464" classname="com.epam.brb.testsModified.PersInfoPageTellUsAboutYourselfCity"/>
  <testcase name="persInfo065" time="8.180" classname="com.epam.brb.testsModified.PersInfoPageTellUsAboutYourselfCity"/>
</testsuite> <!-- com.epam.brb.testsModified.PersInfoPageTellUsAboutYourselfCity -->
