<?xml version="1.0" encoding="UTF-8"?>
<!-- Generated by org.testng.reporters.JUnitReportReporter -->
<testsuite hostname="EPUAVINW0114" name="com.epam.brb.tests.PersInfo077" tests="1" failures="0" timestamp="12 Sep 2013 10:59:25 GMT" time="13.139" errors="0">
  <testcase name="persInfo077" time="13.139" classname="com.epam.brb.tests.PersInfo077"/>
</testsuite> <!-- com.epam.brb.tests.PersInfo077 -->
