<?xml version="1.0" encoding="UTF-8"?>
<!-- Generated by org.testng.reporters.JUnitReportReporter -->
<testsuite hostname="EPUAVINW0114" name="com.epam.brb.tests.PersInfo036" tests="1" failures="0" timestamp="9 Sep 2013 11:30:19 GMT" time="17.505" errors="0">
  <testcase name="persInfo034" time="17.505" classname="com.epam.brb.tests.PersInfo036"/>
</testsuite> <!-- com.epam.brb.tests.PersInfo036 -->
