<?xml version="1.0" encoding="UTF-8"?>
<!-- Generated by org.testng.reporters.JUnitReportReporter -->
<testsuite hostname="EPUAVINW0114" name="com.epam.brb.testsModified.PersInfo067" tests="3" failures="0" timestamp="26 Sep 2013 11:05:27 GMT" time="31.689" errors="0">
  <testcase name="persInfo064" time="10.439" classname="com.epam.brb.testsModified.PersInfo067"/>
  <testcase name="persInfo064" time="10.263" classname="com.epam.brb.testsModified.PersInfo067"/>
  <testcase name="persInfo064" time="10.987" classname="com.epam.brb.testsModified.PersInfo067"/>
</testsuite> <!-- com.epam.brb.testsModified.PersInfo067 -->
