<?xml version="1.0" encoding="UTF-8"?>
<!-- Generated by org.testng.reporters.JUnitReportReporter -->
<testsuite hostname="EPUAVINW0114" name="com.epam.brb.tests.PersInfo074" tests="1" failures="0" timestamp="12 Sep 2013 09:14:46 GMT" time="16.464" errors="0">
  <testcase name="persInfo074" time="16.464" classname="com.epam.brb.tests.PersInfo074"/>
</testsuite> <!-- com.epam.brb.tests.PersInfo074 -->
