<?xml version="1.0" encoding="UTF-8"?>
<!-- Generated by org.testng.reporters.JUnitReportReporter -->
<testsuite hostname="EPUAVINW0114" name="com.epam.brb.tests.PersInfo032" tests="1" failures="0" timestamp="6 Sep 2013 16:27:44 GMT" time="7.196" errors="0">
  <testcase name="persInfo032" time="7.196" classname="com.epam.brb.tests.PersInfo032"/>
</testsuite> <!-- com.epam.brb.tests.PersInfo032 -->
