<?xml version="1.0" encoding="UTF-8"?>
<!-- Generated by org.testng.reporters.JUnitReportReporter -->
<testsuite hostname="EPUAVINW0114" name="com.epam.brb.testsModified.PersInfoPagePrevAddrProvince" tests="3" failures="0" timestamp="27 Sep 2013 10:19:57 GMT" time="59.599" errors="0">
  <testcase name="persInfo089" time="21.593" classname="com.epam.brb.testsModified.PersInfoPagePrevAddrProvince"/>
  <testcase name="persInfo089" time="21.082" classname="com.epam.brb.testsModified.PersInfoPagePrevAddrProvince"/>
  <testcase name="persInfo089" time="16.924" classname="com.epam.brb.testsModified.PersInfoPagePrevAddrProvince"/>
</testsuite> <!-- com.epam.brb.testsModified.PersInfoPagePrevAddrProvince -->
