<?xml version="1.0" encoding="UTF-8"?>
<!-- Generated by org.testng.reporters.JUnitReportReporter -->
<testsuite hostname="EPUAVINW0114" name="com.epam.brb.tests.PersInfo027" tests="1" failures="0" timestamp="6 Sep 2013 09:26:59 GMT" time="11.523" errors="0">
  <testcase name="persInfo026" time="11.523" classname="com.epam.brb.tests.PersInfo027"/>
</testsuite> <!-- com.epam.brb.tests.PersInfo027 -->
