<?xml version="1.0" encoding="UTF-8"?>
<!-- Generated by org.testng.reporters.JUnitReportReporter -->
<testsuite hostname="EPUAVINW0114" name="com.epam.brb.tests.PersInfo073" tests="1" failures="0" timestamp="11 Sep 2013 11:58:14 GMT" time="10.072" errors="0">
  <testcase name="persInfo072" time="10.072" classname="com.epam.brb.tests.PersInfo073"/>
</testsuite> <!-- com.epam.brb.tests.PersInfo073 -->
