<?xml version="1.0" encoding="UTF-8"?>
<!-- Generated by org.testng.reporters.JUnitReportReporter -->
<testsuite hostname="EPUAVINW0114" name="com.epam.brb.tests.Overview010" tests="1" failures="0" timestamp="29 Aug 2013 16:15:48 GMT" time="4.515" errors="0">
  <testcase name="overview009" time="4.515" classname="com.epam.brb.tests.Overview010"/>
</testsuite> <!-- com.epam.brb.tests.Overview010 -->
