<?xml version="1.0" encoding="UTF-8"?>
<!-- Generated by org.testng.reporters.JUnitReportReporter -->
<testsuite hostname="EPUAVINW0114" name="com.epam.brb.tests.PersInfo089" tests="2" failures="0" timestamp="16 Sep 2013 08:36:58 GMT" time="43.709" errors="0">
  <testcase name="persInfo089" time="17.332" classname="com.epam.brb.tests.PersInfo089"/>
  <testcase name="persInfo089" time="26.377" classname="com.epam.brb.tests.PersInfo089"/>
</testsuite> <!-- com.epam.brb.tests.PersInfo089 -->
