<?xml version="1.0" encoding="UTF-8"?>
<!-- Generated by org.testng.reporters.JUnitReportReporter -->
<testsuite hostname="EPUAVINW0114" name="com.epam.brb.tests.PersInfo035" tests="10" failures="0" timestamp="9 Sep 2013 11:21:31 GMT" time="110.744" errors="0">
  <testcase name="persInfo034" time="10.918" classname="com.epam.brb.tests.PersInfo035"/>
  <testcase name="persInfo034" time="10.034" classname="com.epam.brb.tests.PersInfo035"/>
  <testcase name="persInfo034" time="10.528" classname="com.epam.brb.tests.PersInfo035"/>
  <testcase name="persInfo034" time="10.259" classname="com.epam.brb.tests.PersInfo035"/>
  <testcase name="persInfo034" time="10.552" classname="com.epam.brb.tests.PersInfo035"/>
  <testcase name="persInfo034" time="15.611" classname="com.epam.brb.tests.PersInfo035"/>
  <testcase name="persInfo034" time="11.286" classname="com.epam.brb.tests.PersInfo035"/>
  <testcase name="persInfo034" time="10.796" classname="com.epam.brb.tests.PersInfo035"/>
  <testcase name="persInfo034" time="10.074" classname="com.epam.brb.tests.PersInfo035"/>
  <testcase name="persInfo034" time="10.686" classname="com.epam.brb.tests.PersInfo035"/>
</testsuite> <!-- com.epam.brb.tests.PersInfo035 -->
