<?xml version="1.0" encoding="UTF-8"?>
<!-- Generated by org.testng.reporters.JUnitReportReporter -->
<testsuite hostname="EPUAVINW0114" name="com.epam.brb.tests.Overview001" tests="1" failures="0" timestamp="15 Aug 2013 09:38:54 GMT" time="0.396" errors="0">
  <testcase name="overview001" time="0.396" classname="com.epam.brb.tests.Overview001"/>
</testsuite> <!-- com.epam.brb.tests.Overview001 -->
