<?xml version="1.0" encoding="UTF-8"?>
<!-- Generated by org.testng.reporters.JUnitReportReporter -->
<testsuite hostname="EPUAVINW0114" name="com.epam.brb.testsModified.PersInfoPagePrevAddrAptSuite" tests="3" failures="0" timestamp="27 Sep 2013 10:19:57 GMT" time="55.431" errors="0">
  <testcase name="persInfo084" time="15.590" classname="com.epam.brb.testsModified.PersInfoPagePrevAddrAptSuite"/>
  <testcase name="persInfo085" time="22.328" classname="com.epam.brb.testsModified.PersInfoPagePrevAddrAptSuite"/>
  <testcase name="persInfo083" time="17.513" classname="com.epam.brb.testsModified.PersInfoPagePrevAddrAptSuite"/>
</testsuite> <!-- com.epam.brb.testsModified.PersInfoPagePrevAddrAptSuite -->
