<?xml version="1.0" encoding="UTF-8"?>
<!-- Generated by org.testng.reporters.JUnitReportReporter -->
<testsuite hostname="EPUAVINW0114" name="com.epam.brb.tests.PersInfo082" tests="1" failures="0" timestamp="13 Sep 2013 08:42:26 GMT" time="17.334" errors="0">
  <testcase name="persInfo079" time="17.334" classname="com.epam.brb.tests.PersInfo082"/>
</testsuite> <!-- com.epam.brb.tests.PersInfo082 -->
