<?xml version="1.0" encoding="UTF-8"?>
<!-- Generated by org.testng.reporters.JUnitReportReporter -->
<testsuite hostname="EPUAVINW0114" name="com.epam.brb.testsModified.PersInfo027" tests="1" failures="0" timestamp="25 Sep 2013 14:33:33 GMT" time="12.100" errors="0">
  <testcase name="persInfo027" time="12.100" classname="com.epam.brb.testsModified.PersInfo027"/>
</testsuite> <!-- com.epam.brb.testsModified.PersInfo027 -->
