<?xml version="1.0" encoding="UTF-8"?>
<!-- Generated by org.testng.reporters.JUnitReportReporter -->
<testsuite hostname="EPUAVINW0114" name="com.epam.brb.tests.PersInfo087" tests="1" failures="0" timestamp="13 Sep 2013 10:56:30 GMT" time="16.065" errors="0">
  <testcase name="persInfo086" time="16.065" classname="com.epam.brb.tests.PersInfo087"/>
</testsuite> <!-- com.epam.brb.tests.PersInfo087 -->
