<?xml version="1.0" encoding="UTF-8"?>
<!-- Generated by org.testng.reporters.JUnitReportReporter -->
<testsuite hostname="EPUAVINW0114" name="com.epam.brb.tests.Overview009" tests="1" failures="0" timestamp="28 Aug 2013 16:00:44 GMT" time="1.374" errors="0">
  <testcase name="overview009" time="1.374" classname="com.epam.brb.tests.Overview009"/>
</testsuite> <!-- com.epam.brb.tests.Overview009 -->
