<?xml version="1.0" encoding="UTF-8"?>
<!-- Generated by org.testng.reporters.JUnitReportReporter -->
<testsuite hostname="EPUAVINW0114" name="com.epam.brb.tests.ToOptionalProducts_old" tests="1" failures="0" timestamp="8 Aug 2013 08:59:32 GMT" time="8.402" errors="0">
  <testcase name="toOptionalProducts" time="8.402" classname="com.epam.brb.tests.ToOptionalProducts_old"/>
</testsuite> <!-- com.epam.brb.tests.ToOptionalProducts_old -->
