<?xml version="1.0" encoding="UTF-8"?>
<!-- Generated by org.testng.reporters.JUnitReportReporter -->
<testsuite hostname="EPUAVINW0114" name="com.epam.brb.tests.PersInfo066" tests="1" failures="0" timestamp="11 Sep 2013 10:56:49 GMT" time="9.859" errors="0">
  <testcase name="persInfo064" time="9.859" classname="com.epam.brb.tests.PersInfo066"/>
</testsuite> <!-- com.epam.brb.tests.PersInfo066 -->
