<?xml version="1.0" encoding="UTF-8"?>
<!-- Generated by org.testng.reporters.JUnitReportReporter -->
<testsuite hostname="EPUAVINW0114" name="com.epam.brb.tests.PersInfo084" tests="1" failures="0" timestamp="13 Sep 2013 09:04:53 GMT" time="13.231" errors="0">
  <testcase name="persInfo079" time="13.231" classname="com.epam.brb.tests.PersInfo084"/>
</testsuite> <!-- com.epam.brb.tests.PersInfo084 -->
