<?xml version="1.0" encoding="UTF-8"?>
<!-- Generated by org.testng.reporters.JUnitReportReporter -->
<testsuite hostname="EPUAVINW0114" name="com.epam.brb.tests.PersInfo040" tests="1" failures="0" timestamp="9 Sep 2013 13:04:38 GMT" time="14.714" errors="0">
  <testcase name="persInfo034" time="14.714" classname="com.epam.brb.tests.PersInfo040"/>
</testsuite> <!-- com.epam.brb.tests.PersInfo040 -->
