<?xml version="1.0" encoding="UTF-8"?>
<!-- Generated by org.testng.reporters.JUnitReportReporter -->
<testsuite hostname="EPUAVINW0114" name="com.epam.brb.tests.PersInfo075" tests="1" failures="0" timestamp="12 Sep 2013 09:29:56 GMT" time="17.929" errors="0">
  <testcase name="persInfo073" time="17.929" classname="com.epam.brb.tests.PersInfo075"/>
</testsuite> <!-- com.epam.brb.tests.PersInfo075 -->
