<?xml version="1.0" encoding="UTF-8"?>
<!-- Generated by org.testng.reporters.JUnitReportReporter -->
<testsuite hostname="EPUAVINW0114" name="com.epam.brb.testsModified.PersInfoPageEmploymentInfoEmployerCity" tests="3" failures="0" timestamp="27 Sep 2013 11:11:57 GMT" time="45.042" errors="0">
  <testcase name="persInfo102" time="14.835" classname="com.epam.brb.testsModified.PersInfoPageEmploymentInfoEmployerCity"/>
  <testcase name="persInfo101" time="15.307" classname="com.epam.brb.testsModified.PersInfoPageEmploymentInfoEmployerCity"/>
  <testcase name="persInfo103" time="14.900" classname="com.epam.brb.testsModified.PersInfoPageEmploymentInfoEmployerCity"/>
</testsuite> <!-- com.epam.brb.testsModified.PersInfoPageEmploymentInfoEmployerCity -->
