<?xml version="1.0" encoding="UTF-8"?>
<!-- Generated by org.testng.reporters.JUnitReportReporter -->
<testsuite hostname="EPUAVINW0114" name="com.epam.brb.tests.PersInfo031" tests="1" failures="0" timestamp="9 Sep 2013 11:01:26 GMT" time="13.188" errors="0">
  <testcase name="persInfo031" time="13.188" classname="com.epam.brb.tests.PersInfo031"/>
</testsuite> <!-- com.epam.brb.tests.PersInfo031 -->
