<?xml version="1.0" encoding="UTF-8"?>
<!-- Generated by org.testng.reporters.JUnitReportReporter -->
<testsuite hostname="EPUAVINW0114" name="com.epam.brb.tests.CopyOfToOptionalProducts_old" tests="1" failures="0" timestamp="2 Aug 2013 09:49:32 GMT" time="8.298" errors="0">
  <testcase name="toOptionalProducts" time="8.298" classname="com.epam.brb.tests.CopyOfToOptionalProducts_old"/>
</testsuite> <!-- com.epam.brb.tests.CopyOfToOptionalProducts_old -->
