<?xml version="1.0" encoding="UTF-8"?>
<!-- Generated by org.testng.reporters.JUnitReportReporter -->
<testsuite hostname="EPUAVINW0114" name="com.epam.brb.testsModified.PersInfoPageFinancialInfoGrossAnnualIncome" tests="1" failures="0" timestamp="27 Sep 2013 11:32:13 GMT" time="16.037" errors="0">
  <testcase name="persInfo111" time="16.037" classname="com.epam.brb.testsModified.PersInfoPageFinancialInfoGrossAnnualIncome"/>
</testsuite> <!-- com.epam.brb.testsModified.PersInfoPageFinancialInfoGrossAnnualIncome -->
