<?xml version="1.0" encoding="UTF-8"?>
<!-- Generated by org.testng.reporters.JUnitReportReporter -->
<testsuite hostname="EPUAVINW0114" name="com.epam.brb.tests.PersInfo034" tests="3" failures="0" timestamp="9 Sep 2013 11:06:37 GMT" time="32.595" errors="0">
  <testcase name="persInfo034" time="9.771" classname="com.epam.brb.tests.PersInfo034"/>
  <testcase name="persInfo034" time="9.375" classname="com.epam.brb.tests.PersInfo034"/>
  <testcase name="persInfo034" time="13.449" classname="com.epam.brb.tests.PersInfo034"/>
</testsuite> <!-- com.epam.brb.tests.PersInfo034 -->
