<?xml version="1.0" encoding="UTF-8"?>
<!-- Generated by org.testng.reporters.JUnitReportReporter -->
<testsuite hostname="EPUAVINW0114" name="com.epam.brb.testsModified.OverviewpageProvince" tests="1" failures="0" timestamp="25 Sep 2013 12:39:25 GMT" time="5.774" errors="0">
  <testcase name="overview021" time="5.774" classname="com.epam.brb.testsModified.OverviewpageProvince"/>
</testsuite> <!-- com.epam.brb.testsModified.OverviewpageProvince -->
