<?xml version="1.0" encoding="UTF-8"?>
<!-- Generated by org.testng.reporters.JUnitReportReporter -->
<testsuite hostname="EPUAVINW0114" name="com.epam.brb.tests.Overview022" tests="1" failures="0" timestamp="6 Sep 2013 16:30:33 GMT" time="5.241" errors="0">
  <testcase name="overview022" time="5.241" classname="com.epam.brb.tests.Overview022"/>
</testsuite> <!-- com.epam.brb.tests.Overview022 -->
