<?xml version="1.0" encoding="UTF-8"?>
<!-- Generated by org.testng.reporters.JUnitReportReporter -->
<testsuite hostname="EPUAVINW0114" name="com.epam.brb.testsModified.PersInfoPageTellUsAboutYourselfAptSuite" tests="3" failures="0" timestamp="27 Sep 2013 10:19:57 GMT" time="34.067" errors="0">
  <testcase name="persInfo062" time="12.727" classname="com.epam.brb.testsModified.PersInfoPageTellUsAboutYourselfAptSuite"/>
  <testcase name="persInfo063" time="10.701" classname="com.epam.brb.testsModified.PersInfoPageTellUsAboutYourselfAptSuite"/>
  <testcase name="persInfo061" time="10.639" classname="com.epam.brb.testsModified.PersInfoPageTellUsAboutYourselfAptSuite"/>
</testsuite> <!-- com.epam.brb.testsModified.PersInfoPageTellUsAboutYourselfAptSuite -->
