<?xml version="1.0" encoding="UTF-8"?>
<!-- Generated by org.testng.reporters.JUnitReportReporter -->
<testsuite hostname="EPUAVINW0114" name="com.epam.brb.tests.PersInfo070" tests="1" failures="0" timestamp="11 Sep 2013 11:24:19 GMT" time="14.838" errors="0">
  <testcase name="persInfo064" time="14.838" classname="com.epam.brb.tests.PersInfo070"/>
</testsuite> <!-- com.epam.brb.tests.PersInfo070 -->
