<?xml version="1.0" encoding="UTF-8"?>
<!-- Generated by org.testng.reporters.JUnitReportReporter -->
<testsuite hostname="EPUAVINW0114" name="com.epam.brb.testsModified.PersInfoPageTellUsAboutYourselfMonthlyHousingPayment" tests="1" failures="0" timestamp="27 Sep 2013 10:19:57 GMT" time="10.209" errors="0">
  <testcase name="persInfo073" time="10.209" classname="com.epam.brb.testsModified.PersInfoPageTellUsAboutYourselfMonthlyHousingPayment"/>
</testsuite> <!-- com.epam.brb.testsModified.PersInfoPageTellUsAboutYourselfMonthlyHousingPayment -->
