<?xml version="1.0" encoding="UTF-8"?>
<!-- Generated by org.testng.reporters.JUnitReportReporter -->
<testsuite hostname="EPUAVINW0114" name="com.epam.brb.tests.PersInfo043" tests="1" failures="0" timestamp="9 Sep 2013 13:58:34 GMT" time="8.871" errors="0">
  <testcase name="persInfo034" time="8.871" classname="com.epam.brb.tests.PersInfo043"/>
</testsuite> <!-- com.epam.brb.tests.PersInfo043 -->
