<?xml version="1.0" encoding="UTF-8"?>
<!-- Generated by org.testng.reporters.JUnitReportReporter -->
<testsuite hostname="EPUAVINW0114" name="com.epam.brb.tests.PersInfo106" tests="1" failures="0" timestamp="17 Sep 2013 12:25:07 GMT" time="13.286" errors="0">
  <testcase name="persInfo0105" time="13.286" classname="com.epam.brb.tests.PersInfo106"/>
</testsuite> <!-- com.epam.brb.tests.PersInfo106 -->
