<?xml version="1.0" encoding="UTF-8"?>
<!-- Generated by org.testng.reporters.JUnitReportReporter -->
<testsuite hostname="EPUAVINW0114" name="com.epam.brb.tests.Overview005" tests="1" failures="0" timestamp="25 Sep 2013 10:53:41 GMT" time="5.707" errors="0">
  <testcase name="overview005" time="5.707" classname="com.epam.brb.tests.Overview005"/>
</testsuite> <!-- com.epam.brb.tests.Overview005 -->
