<?xml version="1.0" encoding="UTF-8"?>
<!-- Generated by org.testng.reporters.JUnitReportReporter -->
<testsuite hostname="EPUAVINW0114" name="com.epam.brb.tests.PersInfo081" tests="1" failures="0" timestamp="13 Sep 2013 08:39:45 GMT" time="16.210" errors="0">
  <testcase name="persInfo079" time="16.210" classname="com.epam.brb.tests.PersInfo081"/>
</testsuite> <!-- com.epam.brb.tests.PersInfo081 -->
