<?xml version="1.0" encoding="UTF-8"?>
<!-- Generated by org.testng.reporters.JUnitReportReporter -->
<testsuite hostname="EPUAVINW0114" name="com.epam.brb.tests.PersInfo090" tests="1" failures="0" timestamp="16 Sep 2013 09:09:58 GMT" time="20.349" errors="0">
  <testcase name="persInfo090" time="20.349" classname="com.epam.brb.tests.PersInfo090"/>
</testsuite> <!-- com.epam.brb.tests.PersInfo090 -->
