<?xml version="1.0" encoding="UTF-8"?>
<!-- Generated by org.testng.reporters.JUnitReportReporter -->
<testsuite hostname="EPUAVINW0114" name="com.epam.brb.tests.PersInfo078" tests="1" failures="0" timestamp="24 Sep 2013 15:16:42 GMT" time="22.863" errors="0">
  <testcase name="persInfo078" time="22.863" classname="com.epam.brb.tests.PersInfo078"/>
</testsuite> <!-- com.epam.brb.tests.PersInfo078 -->
