<?xml version="1.0" encoding="UTF-8"?>
<!-- Generated by org.testng.reporters.JUnitReportReporter -->
<testsuite hostname="EPUAVINW0114" name="com.epam.brb.tests.PersInfo080" tests="1" failures="0" timestamp="12 Sep 2013 16:55:57 GMT" time="14.720" errors="0">
  <testcase name="persInfo079" time="14.720" classname="com.epam.brb.tests.PersInfo080"/>
</testsuite> <!-- com.epam.brb.tests.PersInfo080 -->
