<?xml version="1.0" encoding="UTF-8"?>
<!-- Generated by org.testng.reporters.JUnitReportReporter -->
<testsuite hostname="EPUAVINW0114" name="com.epam.brb.testsModified.PersInfoPageTellUsAboutYourselfCommon" tests="2" failures="0" timestamp="27 Sep 2013 10:19:57 GMT" time="24.599" errors="0">
  <testcase name="persInfo027" time="11.330" classname="com.epam.brb.testsModified.PersInfoPageTellUsAboutYourselfCommon"/>
  <testcase name="persInfo026" time="13.269" classname="com.epam.brb.testsModified.PersInfoPageTellUsAboutYourselfCommon"/>
</testsuite> <!-- com.epam.brb.testsModified.PersInfoPageTellUsAboutYourselfCommon -->
