<?xml version="1.0" encoding="UTF-8"?>
<!-- Generated by org.testng.reporters.JUnitReportReporter -->
<testsuite hostname="EPUAVINW0114" name="com.epam.brb.tests.PersInfo052" tests="1" failures="0" timestamp="11 Sep 2013 10:56:49 GMT" time="10.692" errors="0">
  <testcase name="persInfo049" time="10.692" classname="com.epam.brb.tests.PersInfo052"/>
</testsuite> <!-- com.epam.brb.tests.PersInfo052 -->
