<?xml version="1.0" encoding="UTF-8"?>
<!-- Generated by org.testng.reporters.JUnitReportReporter -->
<testsuite hostname="EPUAVINW0114" name="com.epam.brb.tests.Overview002" tests="1" failures="0" timestamp="6 Sep 2013 16:12:37 GMT" time="5.843" errors="0">
  <testcase name="overview002" time="5.843" classname="com.epam.brb.tests.Overview002"/>
</testsuite> <!-- com.epam.brb.tests.Overview002 -->
