<?xml version="1.0" encoding="UTF-8"?>
<!-- Generated by org.testng.reporters.JUnitReportReporter -->
<testsuite hostname="EPUAVINW0114" name="com.epam.brb.testsModified.PersInfoPageTellUsAboutYourselfStreetName" tests="3" failures="0" timestamp="27 Sep 2013 10:19:57 GMT" time="29.184" errors="0">
  <testcase name="persInfo058" time="10.387" classname="com.epam.brb.testsModified.PersInfoPageTellUsAboutYourselfStreetName"/>
  <testcase name="persInfo060" time="10.344" classname="com.epam.brb.testsModified.PersInfoPageTellUsAboutYourselfStreetName"/>
  <testcase name="persInfo059" time="8.453" classname="com.epam.brb.testsModified.PersInfoPageTellUsAboutYourselfStreetName"/>
</testsuite> <!-- com.epam.brb.testsModified.PersInfoPageTellUsAboutYourselfStreetName -->
