<?xml version="1.0" encoding="UTF-8"?>
<!-- Generated by org.testng.reporters.JUnitReportReporter -->
<testsuite hostname="EPUAVINW0114" name="com.epam.brb.testsModified.PersInfoPagePrevAddrStreetNumber" tests="3" failures="0" timestamp="27 Sep 2013 10:19:57 GMT" time="38.757" errors="0">
  <testcase name="persInfo077" time="14.074" classname="com.epam.brb.testsModified.PersInfoPagePrevAddrStreetNumber"/>
  <testcase name="persInfo079" time="12.863" classname="com.epam.brb.testsModified.PersInfoPagePrevAddrStreetNumber"/>
  <testcase name="persInfo078" time="11.820" classname="com.epam.brb.testsModified.PersInfoPagePrevAddrStreetNumber"/>
</testsuite> <!-- com.epam.brb.testsModified.PersInfoPagePrevAddrStreetNumber -->
