<?xml version="1.0" encoding="UTF-8"?>
<!-- Generated by org.testng.reporters.JUnitReportReporter -->
<testsuite hostname="EPUAVINW0114" name="com.epam.brb.tests.PersInfo059" tests="1" failures="0" timestamp="11 Sep 2013 10:56:49 GMT" time="8.075" errors="0">
  <testcase name="persInfo058" time="8.075" classname="com.epam.brb.tests.PersInfo059"/>
</testsuite> <!-- com.epam.brb.tests.PersInfo059 -->
