<?xml version="1.0" encoding="UTF-8"?>
<!-- Generated by org.testng.reporters.JUnitReportReporter -->
<testsuite hostname="EPUAVINW0114" name="com.epam.brb.testsModified.PersInfoPageTellUsAboutYourselfDOB" tests="14" failures="0" timestamp="27 Sep 2013 10:19:57 GMT" time="177.518" errors="0">
  <testcase name="persInfo034" time="13.949" classname="com.epam.brb.testsModified.PersInfoPageTellUsAboutYourselfDOB"/>
  <testcase name="persInfo034" time="14.257" classname="com.epam.brb.testsModified.PersInfoPageTellUsAboutYourselfDOB"/>
  <testcase name="persInfo034" time="14.620" classname="com.epam.brb.testsModified.PersInfoPageTellUsAboutYourselfDOB"/>
  <testcase name="persInfo034" time="9.167" classname="com.epam.brb.testsModified.PersInfoPageTellUsAboutYourselfDOB"/>
  <testcase name="persInfo034" time="9.486" classname="com.epam.brb.testsModified.PersInfoPageTellUsAboutYourselfDOB"/>
  <testcase name="persInfo036" time="12.873" classname="com.epam.brb.testsModified.PersInfoPageTellUsAboutYourselfDOB"/>
  <testcase name="persInfo034" time="9.768" classname="com.epam.brb.testsModified.PersInfoPageTellUsAboutYourselfDOB"/>
  <testcase name="persInfo034" time="9.059" classname="com.epam.brb.testsModified.PersInfoPageTellUsAboutYourselfDOB"/>
  <testcase name="persInfo034" time="14.311" classname="com.epam.brb.testsModified.PersInfoPageTellUsAboutYourselfDOB"/>
  <testcase name="persInfo037" time="11.438" classname="com.epam.brb.testsModified.PersInfoPageTellUsAboutYourselfDOB"/>
  <testcase name="persInfo038" time="23.195" classname="com.epam.brb.testsModified.PersInfoPageTellUsAboutYourselfDOB"/>
  <testcase name="persInfo035" time="16.094" classname="com.epam.brb.testsModified.PersInfoPageTellUsAboutYourselfDOB"/>
  <testcase name="persInfo034" time="9.600" classname="com.epam.brb.testsModified.PersInfoPageTellUsAboutYourselfDOB"/>
  <testcase name="persInfo034" time="9.701" classname="com.epam.brb.testsModified.PersInfoPageTellUsAboutYourselfDOB"/>
</testsuite> <!-- com.epam.brb.testsModified.PersInfoPageTellUsAboutYourselfDOB -->
